 Information | Description 
-------------|-----------------------------
 Type        | UncaughtException 
 Date        | Thu Jan 08 2015 16:38:23 GMT-0800 (PST)
 Agent       | Mozilla/5.0 (X11; Linux x86_64) AppleWebKit/537.36 (KHTML, like Gecko) Chrome/38.0.2125.104 Safari/537.36
 Stack       | Error: ENOENT, no such file or directory '/home/robert/.cache/.fr-mcqR2i/tribler-6.4.1/README.md'
    at Error (native)
    at Object.fs.statSync (fs.js:707:18)
    at Backbone.Model.extend.refresh (file:///tmp/.org.chromium.Chromium.W0yMyK/js/app.js:5:17471)
    at Window.<anonymous> (file:///tmp/.org.chromium.Chromium.W0yMyK/js/pad.js:7:12591)
    at Window.EventEmitter.emit (events.js:126:20)
    at IDWeakMap.global.__nwObjectsRegistry.handleEvent (node.js:795:26)

 Information | Description 
-------------|-----------------------------
 Type        | UncaughtException 
 Date        | Thu Jan 08 2015 16:38:23 GMT-0800 (PST)
 Agent       | Mozilla/5.0 (X11; Linux x86_64) AppleWebKit/537.36 (KHTML, like Gecko) Chrome/38.0.2125.104 Safari/537.36
 Stack       | Error: ENOENT, no such file or directory '/home/robert/.cache/.fr-mcqR2i/tribler-6.4.1/README.md'
    at Error (native)
    at Object.fs.statSync (fs.js:707:18)
    at Backbone.Model.extend.refresh (file:///tmp/.org.chromium.Chromium.W0yMyK/js/app.js:5:17471)
    at Window.<anonymous> (file:///tmp/.org.chromium.Chromium.W0yMyK/js/pad.js:7:12591)
    at Window.EventEmitter.emit (events.js:126:20)
    at IDWeakMap.global.__nwObjectsRegistry.handleEvent (node.js:795:26)

 Information | Description 
-------------|-----------------------------
 Type        | Error
 Date        | Thu Jan 08 2015 16:38:23 GMT-0800 (PST)
 Agent       | Mozilla/5.0 (X11; Linux x86_64) AppleWebKit/537.36 (KHTML, like Gecko) Chrome/38.0.2125.104 Safari/537.36
 File        | fs.js
 Line Number | 707
 Message     | Uncaught Error: ENOENT, no such file or directory '/home/robert/.cache/.fr-mcqR2i/tribler-6.4.1/README.md'

