 Information | Description 
-------------|-----------------------------
 Type        | UncaughtException 
 Date        | Thu Jan 29 2015 11:49:04 GMT-0800 (PST)
 Agent       | Mozilla/5.0 (X11; Linux x86_64) AppleWebKit/537.36 (KHTML, like Gecko) Chrome/38.0.2125.104 Safari/537.36
 Stack       | ReferenceError: MathJax is not defined
    at processMathJax (file:///tmp/.org.chromium.Chromium.nmezg8/js/viewer.min.js:62:3200)
    at drawMathJax (file:///tmp/.org.chromium.Chromium.nmezg8/js/viewer.min.js:62:3456)
    at update (file:///tmp/.org.chromium.Chromium.nmezg8/js/viewer.min.js:62:5568)

 Information | Description 
-------------|-----------------------------
 Type        | UncaughtException 
 Date        | Thu Jan 29 2015 11:49:04 GMT-0800 (PST)
 Agent       | Mozilla/5.0 (X11; Linux x86_64) AppleWebKit/537.36 (KHTML, like Gecko) Chrome/38.0.2125.104 Safari/537.36
 Stack       | ReferenceError: MathJax is not defined
    at processMathJax (file:///tmp/.org.chromium.Chromium.nmezg8/js/viewer.min.js:62:3200)
    at drawMathJax (file:///tmp/.org.chromium.Chromium.nmezg8/js/viewer.min.js:62:3456)
    at update (file:///tmp/.org.chromium.Chromium.nmezg8/js/viewer.min.js:62:5568)

 Information | Description 
-------------|-----------------------------
 Type        | Error
 Date        | Thu Jan 29 2015 11:49:04 GMT-0800 (PST)
 Agent       | Mozilla/5.0 (X11; Linux x86_64) AppleWebKit/537.36 (KHTML, like Gecko) Chrome/38.0.2125.104 Safari/537.36
 File        | file:///js/viewer.min.js
 Line Number | 62
 Message     | Uncaught ReferenceError: MathJax is not defined

 Information | Description 
-------------|-----------------------------
 Type        | UncaughtException 
 Date        | Thu Jan 29 2015 18:59:40 GMT-0800 (PST)
 Agent       | Mozilla/5.0 (X11; Linux x86_64) AppleWebKit/537.36 (KHTML, like Gecko) Chrome/38.0.2125.104 Safari/537.36
 Stack       | ReferenceError: MathJax is not defined
    at processMathJax (file:///tmp/.org.chromium.Chromium.gr2F4Z/js/viewer.min.js:62:3200)
    at drawMathJax (file:///tmp/.org.chromium.Chromium.gr2F4Z/js/viewer.min.js:62:3456)
    at update (file:///tmp/.org.chromium.Chromium.gr2F4Z/js/viewer.min.js:62:5568)

 Information | Description 
-------------|-----------------------------
 Type        | UncaughtException 
 Date        | Thu Jan 29 2015 18:59:40 GMT-0800 (PST)
 Agent       | Mozilla/5.0 (X11; Linux x86_64) AppleWebKit/537.36 (KHTML, like Gecko) Chrome/38.0.2125.104 Safari/537.36
 Stack       | ReferenceError: MathJax is not defined
    at processMathJax (file:///tmp/.org.chromium.Chromium.gr2F4Z/js/viewer.min.js:62:3200)
    at drawMathJax (file:///tmp/.org.chromium.Chromium.gr2F4Z/js/viewer.min.js:62:3456)
    at update (file:///tmp/.org.chromium.Chromium.gr2F4Z/js/viewer.min.js:62:5568)

 Information | Description 
-------------|-----------------------------
 Type        | Error
 Date        | Thu Jan 29 2015 18:59:40 GMT-0800 (PST)
 Agent       | Mozilla/5.0 (X11; Linux x86_64) AppleWebKit/537.36 (KHTML, like Gecko) Chrome/38.0.2125.104 Safari/537.36
 File        | file:///js/viewer.min.js
 Line Number | 62
 Message     | Uncaught ReferenceError: MathJax is not defined

 Information | Description 
-------------|-----------------------------
 Type        | UncaughtException 
 Date        | Thu Jan 29 2015 19:01:28 GMT-0800 (PST)
 Agent       | Mozilla/5.0 (X11; Linux x86_64) AppleWebKit/537.36 (KHTML, like Gecko) Chrome/38.0.2125.104 Safari/537.36
 Stack       | ReferenceError: MathJax is not defined
    at processMathJax (file:///tmp/.org.chromium.Chromium.OjmUoR/js/viewer.min.js:62:3200)
    at drawMathJax (file:///tmp/.org.chromium.Chromium.OjmUoR/js/viewer.min.js:62:3456)
    at update (file:///tmp/.org.chromium.Chromium.OjmUoR/js/viewer.min.js:62:5568)

 Information | Description 
-------------|-----------------------------
 Type        | UncaughtException 
 Date        | Thu Jan 29 2015 19:01:28 GMT-0800 (PST)
 Agent       | Mozilla/5.0 (X11; Linux x86_64) AppleWebKit/537.36 (KHTML, like Gecko) Chrome/38.0.2125.104 Safari/537.36
 Stack       | ReferenceError: MathJax is not defined
    at processMathJax (file:///tmp/.org.chromium.Chromium.OjmUoR/js/viewer.min.js:62:3200)
    at drawMathJax (file:///tmp/.org.chromium.Chromium.OjmUoR/js/viewer.min.js:62:3456)
    at update (file:///tmp/.org.chromium.Chromium.OjmUoR/js/viewer.min.js:62:5568)

 Information | Description 
-------------|-----------------------------
 Type        | Error
 Date        | Thu Jan 29 2015 19:01:28 GMT-0800 (PST)
 Agent       | Mozilla/5.0 (X11; Linux x86_64) AppleWebKit/537.36 (KHTML, like Gecko) Chrome/38.0.2125.104 Safari/537.36
 File        | file:///js/viewer.min.js
 Line Number | 62
 Message     | Uncaught ReferenceError: MathJax is not defined

