 Information | Description 
-------------|-----------------------------
 Type        | UncaughtException 
 Date        | Fri Jan 30 2015 09:50:10 GMT-0800 (PST)
 Agent       | Mozilla/5.0 (X11; Linux x86_64) AppleWebKit/537.36 (KHTML, like Gecko) Chrome/38.0.2125.104 Safari/537.36
 Stack       | ReferenceError: MathJax is not defined
    at processMathJax (file:///tmp/.org.chromium.Chromium.3BNr4w/js/viewer.min.js:62:3200)
    at drawMathJax (file:///tmp/.org.chromium.Chromium.3BNr4w/js/viewer.min.js:62:3456)
    at update (file:///tmp/.org.chromium.Chromium.3BNr4w/js/viewer.min.js:62:5568)

 Information | Description 
-------------|-----------------------------
 Type        | UncaughtException 
 Date        | Fri Jan 30 2015 09:50:10 GMT-0800 (PST)
 Agent       | Mozilla/5.0 (X11; Linux x86_64) AppleWebKit/537.36 (KHTML, like Gecko) Chrome/38.0.2125.104 Safari/537.36
 Stack       | ReferenceError: MathJax is not defined
    at processMathJax (file:///tmp/.org.chromium.Chromium.3BNr4w/js/viewer.min.js:62:3200)
    at drawMathJax (file:///tmp/.org.chromium.Chromium.3BNr4w/js/viewer.min.js:62:3456)
    at update (file:///tmp/.org.chromium.Chromium.3BNr4w/js/viewer.min.js:62:5568)

 Information | Description 
-------------|-----------------------------
 Type        | Error
 Date        | Fri Jan 30 2015 09:50:10 GMT-0800 (PST)
 Agent       | Mozilla/5.0 (X11; Linux x86_64) AppleWebKit/537.36 (KHTML, like Gecko) Chrome/38.0.2125.104 Safari/537.36
 File        | file:///js/viewer.min.js
 Line Number | 62
 Message     | Uncaught ReferenceError: MathJax is not defined

 Information | Description 
-------------|-----------------------------
 Type        | UncaughtException 
 Date        | Fri Jan 30 2015 09:51:02 GMT-0800 (PST)
 Agent       | Mozilla/5.0 (X11; Linux x86_64) AppleWebKit/537.36 (KHTML, like Gecko) Chrome/38.0.2125.104 Safari/537.36
 Stack       | ReferenceError: MathJax is not defined
    at processMathJax (file:///tmp/.org.chromium.Chromium.DUk3Re/js/viewer.min.js:62:3200)
    at drawMathJax (file:///tmp/.org.chromium.Chromium.DUk3Re/js/viewer.min.js:62:3456)
    at update (file:///tmp/.org.chromium.Chromium.DUk3Re/js/viewer.min.js:62:5568)

 Information | Description 
-------------|-----------------------------
 Type        | UncaughtException 
 Date        | Fri Jan 30 2015 09:51:02 GMT-0800 (PST)
 Agent       | Mozilla/5.0 (X11; Linux x86_64) AppleWebKit/537.36 (KHTML, like Gecko) Chrome/38.0.2125.104 Safari/537.36
 Stack       | ReferenceError: MathJax is not defined
    at processMathJax (file:///tmp/.org.chromium.Chromium.DUk3Re/js/viewer.min.js:62:3200)
    at drawMathJax (file:///tmp/.org.chromium.Chromium.DUk3Re/js/viewer.min.js:62:3456)
    at update (file:///tmp/.org.chromium.Chromium.DUk3Re/js/viewer.min.js:62:5568)

 Information | Description 
-------------|-----------------------------
 Type        | Error
 Date        | Fri Jan 30 2015 09:51:02 GMT-0800 (PST)
 Agent       | Mozilla/5.0 (X11; Linux x86_64) AppleWebKit/537.36 (KHTML, like Gecko) Chrome/38.0.2125.104 Safari/537.36
 File        | file:///js/viewer.min.js
 Line Number | 62
 Message     | Uncaught ReferenceError: MathJax is not defined

 Information | Description 
-------------|-----------------------------
 Type        | UncaughtException 
 Date        | Fri Jan 30 2015 10:41:01 GMT-0800 (PST)
 Agent       | Mozilla/5.0 (X11; Linux x86_64) AppleWebKit/537.36 (KHTML, like Gecko) Chrome/38.0.2125.104 Safari/537.36
 Stack       | ReferenceError: MathJax is not defined
    at processMathJax (file:///tmp/.org.chromium.Chromium.3rvxxu/js/viewer.min.js:62:3200)
    at drawMathJax (file:///tmp/.org.chromium.Chromium.3rvxxu/js/viewer.min.js:62:3456)
    at update (file:///tmp/.org.chromium.Chromium.3rvxxu/js/viewer.min.js:62:5568)

 Information | Description 
-------------|-----------------------------
 Type        | UncaughtException 
 Date        | Fri Jan 30 2015 10:41:01 GMT-0800 (PST)
 Agent       | Mozilla/5.0 (X11; Linux x86_64) AppleWebKit/537.36 (KHTML, like Gecko) Chrome/38.0.2125.104 Safari/537.36
 Stack       | ReferenceError: MathJax is not defined
    at processMathJax (file:///tmp/.org.chromium.Chromium.3rvxxu/js/viewer.min.js:62:3200)
    at drawMathJax (file:///tmp/.org.chromium.Chromium.3rvxxu/js/viewer.min.js:62:3456)
    at update (file:///tmp/.org.chromium.Chromium.3rvxxu/js/viewer.min.js:62:5568)

 Information | Description 
-------------|-----------------------------
 Type        | Error
 Date        | Fri Jan 30 2015 10:41:01 GMT-0800 (PST)
 Agent       | Mozilla/5.0 (X11; Linux x86_64) AppleWebKit/537.36 (KHTML, like Gecko) Chrome/38.0.2125.104 Safari/537.36
 File        | file:///js/viewer.min.js
 Line Number | 62
 Message     | Uncaught ReferenceError: MathJax is not defined

 Information | Description 
-------------|-----------------------------
 Type        | UncaughtException 
 Date        | Fri Jan 30 2015 12:55:14 GMT-0800 (PST)
 Agent       | Mozilla/5.0 (X11; Linux x86_64) AppleWebKit/537.36 (KHTML, like Gecko) Chrome/38.0.2125.104 Safari/537.36
 Stack       | ReferenceError: MathJax is not defined
    at processMathJax (file:///tmp/.org.chromium.Chromium.atnteO/js/viewer.min.js:62:3200)
    at drawMathJax (file:///tmp/.org.chromium.Chromium.atnteO/js/viewer.min.js:62:3456)
    at update (file:///tmp/.org.chromium.Chromium.atnteO/js/viewer.min.js:62:5568)

 Information | Description 
-------------|-----------------------------
 Type        | UncaughtException 
 Date        | Fri Jan 30 2015 12:55:14 GMT-0800 (PST)
 Agent       | Mozilla/5.0 (X11; Linux x86_64) AppleWebKit/537.36 (KHTML, like Gecko) Chrome/38.0.2125.104 Safari/537.36
 Stack       | ReferenceError: MathJax is not defined
    at processMathJax (file:///tmp/.org.chromium.Chromium.atnteO/js/viewer.min.js:62:3200)
    at drawMathJax (file:///tmp/.org.chromium.Chromium.atnteO/js/viewer.min.js:62:3456)
    at update (file:///tmp/.org.chromium.Chromium.atnteO/js/viewer.min.js:62:5568)

 Information | Description 
-------------|-----------------------------
 Type        | Error
 Date        | Fri Jan 30 2015 12:55:14 GMT-0800 (PST)
 Agent       | Mozilla/5.0 (X11; Linux x86_64) AppleWebKit/537.36 (KHTML, like Gecko) Chrome/38.0.2125.104 Safari/537.36
 File        | file:///js/viewer.min.js
 Line Number | 62
 Message     | Uncaught ReferenceError: MathJax is not defined

 Information | Description 
-------------|-----------------------------
 Type        | UncaughtException 
 Date        | Fri Jan 30 2015 12:55:14 GMT-0800 (PST)
 Agent       | Mozilla/5.0 (X11; Linux x86_64) AppleWebKit/537.36 (KHTML, like Gecko) Chrome/38.0.2125.104 Safari/537.36
 Stack       | ReferenceError: MathJax is not defined
    at processMathJax (file:///tmp/.org.chromium.Chromium.atnteO/js/viewer.min.js:62:3200)
    at drawMathJax (file:///tmp/.org.chromium.Chromium.atnteO/js/viewer.min.js:62:3456)
    at update (file:///tmp/.org.chromium.Chromium.atnteO/js/viewer.min.js:62:5568)

