 Information | Description 
-------------|-----------------------------
 Type        | UncaughtException 
 Date        | Fri Mar 13 2015 10:22:37 GMT-0700 (PDT)
 Agent       | Mozilla/5.0 (X11; Linux x86_64) AppleWebKit/537.36 (KHTML, like Gecko) Chrome/38.0.2125.104 Safari/537.36
 Stack       | Error: ENOENT, no such file or directory '/home/robert/Dropbox/Notes/Linux/Apps/vim_cheatsheet.md'
    at Error (native)
    at Object.fs.statSync (fs.js:707:18)
    at Backbone.Model.extend.refresh (file:///tmp/.org.chromium.Chromium.xNJFHl/js/app.js:5:17471)
    at Window.<anonymous> (file:///tmp/.org.chromium.Chromium.xNJFHl/js/pad.js:7:12591)
    at Window.EventEmitter.emit (events.js:126:20)
    at IDWeakMap.global.__nwObjectsRegistry.handleEvent (node.js:795:26)

 Information | Description 
-------------|-----------------------------
 Type        | UncaughtException 
 Date        | Fri Mar 13 2015 10:22:37 GMT-0700 (PDT)
 Agent       | Mozilla/5.0 (X11; Linux x86_64) AppleWebKit/537.36 (KHTML, like Gecko) Chrome/38.0.2125.104 Safari/537.36
 Stack       | Error: ENOENT, no such file or directory '/home/robert/Dropbox/Notes/Linux/Apps/vim_cheatsheet.md'
    at Error (native)
    at Object.fs.statSync (fs.js:707:18)
    at Backbone.Model.extend.refresh (file:///tmp/.org.chromium.Chromium.xNJFHl/js/app.js:5:17471)
    at Window.<anonymous> (file:///tmp/.org.chromium.Chromium.xNJFHl/js/pad.js:7:12591)
    at Window.EventEmitter.emit (events.js:126:20)
    at IDWeakMap.global.__nwObjectsRegistry.handleEvent (node.js:795:26)

 Information | Description 
-------------|-----------------------------
 Type        | Error
 Date        | Fri Mar 13 2015 10:22:37 GMT-0700 (PDT)
 Agent       | Mozilla/5.0 (X11; Linux x86_64) AppleWebKit/537.36 (KHTML, like Gecko) Chrome/38.0.2125.104 Safari/537.36
 File        | fs.js
 Line Number | 707
 Message     | Uncaught Error: ENOENT, no such file or directory '/home/robert/Dropbox/Notes/Linux/Apps/vim_cheatsheet.md'

 Information | Description 
-------------|-----------------------------
 Type        | UncaughtException 
 Date        | Fri Mar 13 2015 10:28:42 GMT-0700 (PDT)
 Agent       | Mozilla/5.0 (X11; Linux x86_64) AppleWebKit/537.36 (KHTML, like Gecko) Chrome/38.0.2125.104 Safari/537.36
 Stack       | Error: ENOENT, no such file or directory '/home/robert/Dropbox/Notes/Linux/Apps/vim_cheatsheet.md'
    at Error (native)
    at Object.fs.statSync (fs.js:707:18)
    at Backbone.Model.extend.refresh (file:///tmp/.org.chromium.Chromium.xNJFHl/js/app.js:5:17471)
    at Window.<anonymous> (file:///tmp/.org.chromium.Chromium.xNJFHl/js/pad.js:7:12591)
    at Window.EventEmitter.emit (events.js:126:20)
    at IDWeakMap.global.__nwObjectsRegistry.handleEvent (node.js:795:26)

 Information | Description 
-------------|-----------------------------
 Type        | UncaughtException 
 Date        | Fri Mar 13 2015 10:28:42 GMT-0700 (PDT)
 Agent       | Mozilla/5.0 (X11; Linux x86_64) AppleWebKit/537.36 (KHTML, like Gecko) Chrome/38.0.2125.104 Safari/537.36
 Stack       | Error: ENOENT, no such file or directory '/home/robert/Dropbox/Notes/Linux/Apps/vim_cheatsheet.md'
    at Error (native)
    at Object.fs.statSync (fs.js:707:18)
    at Backbone.Model.extend.refresh (file:///tmp/.org.chromium.Chromium.xNJFHl/js/app.js:5:17471)
    at Window.<anonymous> (file:///tmp/.org.chromium.Chromium.xNJFHl/js/pad.js:7:12591)
    at Window.EventEmitter.emit (events.js:126:20)
    at IDWeakMap.global.__nwObjectsRegistry.handleEvent (node.js:795:26)

 Information | Description 
-------------|-----------------------------
 Type        | Error
 Date        | Fri Mar 13 2015 10:28:42 GMT-0700 (PDT)
 Agent       | Mozilla/5.0 (X11; Linux x86_64) AppleWebKit/537.36 (KHTML, like Gecko) Chrome/38.0.2125.104 Safari/537.36
 File        | fs.js
 Line Number | 707
 Message     | Uncaught Error: ENOENT, no such file or directory '/home/robert/Dropbox/Notes/Linux/Apps/vim_cheatsheet.md'

 Information | Description 
-------------|-----------------------------
 Type        | UncaughtException 
 Date        | Fri Mar 13 2015 10:52:00 GMT-0700 (PDT)
 Agent       | Mozilla/5.0 (X11; Linux x86_64) AppleWebKit/537.36 (KHTML, like Gecko) Chrome/38.0.2125.104 Safari/537.36
 Stack       | ReferenceError: MathJax is not defined
    at processMathJax (file:///tmp/.org.chromium.Chromium.vQkw9f/js/viewer.min.js:62:3200)
    at drawMathJax (file:///tmp/.org.chromium.Chromium.vQkw9f/js/viewer.min.js:62:3456)
    at update (file:///tmp/.org.chromium.Chromium.vQkw9f/js/viewer.min.js:62:5568)

 Information | Description 
-------------|-----------------------------
 Type        | UncaughtException 
 Date        | Fri Mar 13 2015 10:52:00 GMT-0700 (PDT)
 Agent       | Mozilla/5.0 (X11; Linux x86_64) AppleWebKit/537.36 (KHTML, like Gecko) Chrome/38.0.2125.104 Safari/537.36
 Stack       | ReferenceError: MathJax is not defined
    at processMathJax (file:///tmp/.org.chromium.Chromium.vQkw9f/js/viewer.min.js:62:3200)
    at drawMathJax (file:///tmp/.org.chromium.Chromium.vQkw9f/js/viewer.min.js:62:3456)
    at update (file:///tmp/.org.chromium.Chromium.vQkw9f/js/viewer.min.js:62:5568)

 Information | Description 
-------------|-----------------------------
 Type        | Error
 Date        | Fri Mar 13 2015 10:52:00 GMT-0700 (PDT)
 Agent       | Mozilla/5.0 (X11; Linux x86_64) AppleWebKit/537.36 (KHTML, like Gecko) Chrome/38.0.2125.104 Safari/537.36
 File        | file:///js/viewer.min.js
 Line Number | 62
 Message     | Uncaught ReferenceError: MathJax is not defined

 Information | Description 
-------------|-----------------------------
 Type        | UncaughtException 
 Date        | Fri Mar 13 2015 13:50:52 GMT-0700 (PDT)
 Agent       | Mozilla/5.0 (X11; Linux x86_64) AppleWebKit/537.36 (KHTML, like Gecko) Chrome/38.0.2125.104 Safari/537.36
 Stack       | ReferenceError: MathJax is not defined
    at processMathJax (file:///tmp/.org.chromium.Chromium.RoO6pR/js/viewer.min.js:62:3200)
    at drawMathJax (file:///tmp/.org.chromium.Chromium.RoO6pR/js/viewer.min.js:62:3456)
    at update (file:///tmp/.org.chromium.Chromium.RoO6pR/js/viewer.min.js:62:5568)

 Information | Description 
-------------|-----------------------------
 Type        | UncaughtException 
 Date        | Fri Mar 13 2015 13:50:52 GMT-0700 (PDT)
 Agent       | Mozilla/5.0 (X11; Linux x86_64) AppleWebKit/537.36 (KHTML, like Gecko) Chrome/38.0.2125.104 Safari/537.36
 Stack       | ReferenceError: MathJax is not defined
    at processMathJax (file:///tmp/.org.chromium.Chromium.RoO6pR/js/viewer.min.js:62:3200)
    at drawMathJax (file:///tmp/.org.chromium.Chromium.RoO6pR/js/viewer.min.js:62:3456)
    at update (file:///tmp/.org.chromium.Chromium.RoO6pR/js/viewer.min.js:62:5568)

 Information | Description 
-------------|-----------------------------
 Type        | UncaughtException 
 Date        | Fri Mar 13 2015 13:50:52 GMT-0700 (PDT)
 Agent       | Mozilla/5.0 (X11; Linux x86_64) AppleWebKit/537.36 (KHTML, like Gecko) Chrome/38.0.2125.104 Safari/537.36
 Stack       | ReferenceError: MathJax is not defined
    at processMathJax (file:///tmp/.org.chromium.Chromium.RoO6pR/js/viewer.min.js:62:3200)
    at drawMathJax (file:///tmp/.org.chromium.Chromium.RoO6pR/js/viewer.min.js:62:3456)
    at update (file:///tmp/.org.chromium.Chromium.RoO6pR/js/viewer.min.js:62:5568)

 Information | Description 
-------------|-----------------------------
 Type        | UncaughtException 
 Date        | Fri Mar 13 2015 13:50:52 GMT-0700 (PDT)
 Agent       | Mozilla/5.0 (X11; Linux x86_64) AppleWebKit/537.36 (KHTML, like Gecko) Chrome/38.0.2125.104 Safari/537.36
 Stack       | ReferenceError: MathJax is not defined
    at processMathJax (file:///tmp/.org.chromium.Chromium.RoO6pR/js/viewer.min.js:62:3200)
    at drawMathJax (file:///tmp/.org.chromium.Chromium.RoO6pR/js/viewer.min.js:62:3456)
    at update (file:///tmp/.org.chromium.Chromium.RoO6pR/js/viewer.min.js:62:5568)

 Information | Description 
-------------|-----------------------------
 Type        | Error
 Date        | Fri Mar 13 2015 13:50:52 GMT-0700 (PDT)
 Agent       | Mozilla/5.0 (X11; Linux x86_64) AppleWebKit/537.36 (KHTML, like Gecko) Chrome/38.0.2125.104 Safari/537.36
 File        | file:///js/viewer.min.js
 Line Number | 62
 Message     | Uncaught ReferenceError: MathJax is not defined

 Information | Description 
-------------|-----------------------------
 Type        | UncaughtException 
 Date        | Fri Mar 13 2015 13:50:52 GMT-0700 (PDT)
 Agent       | Mozilla/5.0 (X11; Linux x86_64) AppleWebKit/537.36 (KHTML, like Gecko) Chrome/38.0.2125.104 Safari/537.36
 Stack       | ReferenceError: MathJax is not defined
    at processMathJax (file:///tmp/.org.chromium.Chromium.RoO6pR/js/viewer.min.js:62:3200)
    at drawMathJax (file:///tmp/.org.chromium.Chromium.RoO6pR/js/viewer.min.js:62:3456)
    at update (file:///tmp/.org.chromium.Chromium.RoO6pR/js/viewer.min.js:62:5568)

 Information | Description 
-------------|-----------------------------
 Type        | UncaughtException 
 Date        | Fri Mar 13 2015 13:50:52 GMT-0700 (PDT)
 Agent       | Mozilla/5.0 (X11; Linux x86_64) AppleWebKit/537.36 (KHTML, like Gecko) Chrome/38.0.2125.104 Safari/537.36
 Stack       | ReferenceError: MathJax is not defined
    at processMathJax (file:///tmp/.org.chromium.Chromium.RoO6pR/js/viewer.min.js:62:3200)
    at drawMathJax (file:///tmp/.org.chromium.Chromium.RoO6pR/js/viewer.min.js:62:3456)
    at update (file:///tmp/.org.chromium.Chromium.RoO6pR/js/viewer.min.js:62:5568)

 Information | Description 
-------------|-----------------------------
 Type        | UncaughtException 
 Date        | Fri Mar 13 2015 13:50:52 GMT-0700 (PDT)
 Agent       | Mozilla/5.0 (X11; Linux x86_64) AppleWebKit/537.36 (KHTML, like Gecko) Chrome/38.0.2125.104 Safari/537.36
 Stack       | ReferenceError: MathJax is not defined
    at processMathJax (file:///tmp/.org.chromium.Chromium.RoO6pR/js/viewer.min.js:62:3200)
    at drawMathJax (file:///tmp/.org.chromium.Chromium.RoO6pR/js/viewer.min.js:62:3456)
    at update (file:///tmp/.org.chromium.Chromium.RoO6pR/js/viewer.min.js:62:5568)

 Information | Description 
-------------|-----------------------------
 Type        | UncaughtException 
 Date        | Fri Mar 13 2015 13:50:52 GMT-0700 (PDT)
 Agent       | Mozilla/5.0 (X11; Linux x86_64) AppleWebKit/537.36 (KHTML, like Gecko) Chrome/38.0.2125.104 Safari/537.36
 Stack       | ReferenceError: MathJax is not defined
    at processMathJax (file:///tmp/.org.chromium.Chromium.RoO6pR/js/viewer.min.js:62:3200)
    at drawMathJax (file:///tmp/.org.chromium.Chromium.RoO6pR/js/viewer.min.js:62:3456)
    at update (file:///tmp/.org.chromium.Chromium.RoO6pR/js/viewer.min.js:62:5568)

 Information | Description 
-------------|-----------------------------
 Type        | Error
 Date        | Fri Mar 13 2015 13:50:52 GMT-0700 (PDT)
 Agent       | Mozilla/5.0 (X11; Linux x86_64) AppleWebKit/537.36 (KHTML, like Gecko) Chrome/38.0.2125.104 Safari/537.36
 File        | file:///js/viewer.min.js
 Line Number | 62
 Message     | Uncaught ReferenceError: MathJax is not defined

